# JRE version: OpenJDK Runtime Environment Corretto-17.0.3.6.1 (17.0.3+6) (build 17.0.3+6-LTS)
# Java VM: OpenJDK 64-Bit Server VM Corretto-17.0.3.6.1 (17.0.3+6-LTS, mixed mode, emulated-client, sharing, tiered, compressed oops, compressed class ptrs, g1 gc, windows-amd64)
GC Precious Log:
 CPUs: 4 total, 4 available
 Memory: 8126M
 Large Page Support: Disabled
 NUMA Support: Disabled
 Compressed Oops: Enabled (32-bit)
 Heap Region Size: 1M
 Heap Min Capacity: 8M
 Heap Initial Capacity: 128M
 Heap Max Capacity: 2032M
 Pre-touch: Disabled
 Parallel Workers: 4
 Concurrent Workers: 1
 Concurrent Refinement Workers: 4
 Periodic GC: Disabled
Heap:
 garbage-first heap   total 58368K, used 22774K [0x0000000081000000, 0x0000000100000000)
  region size 1024K, 2 young (2048K), 2 survivors (2048K)
 Metaspace       used 44254K, committed 44672K, reserved 1089536K
  class space    used 6160K, committed 6336K, reserved 1048576K
GC Heap History (20 events):
Event: 2.729 GC heap after
{Heap after GC invocations=2 (full 0):
 garbage-first heap   total 131072K, used 7883K [0x0000000081000000, 0x0000000100000000)
  region size 1024K, 1 young (1024K), 1 survivors (1024K)
 Metaspace       used 6760K, committed 6976K, reserved 1056768K
  class space    used 809K, committed 896K, reserved 1048576K
}
Event: 3.677 GC heap before
{Heap before GC invocations=2 (full 0):
 garbage-first heap   total 131072K, used 28363K [0x0000000081000000, 0x0000000100000000)
  region size 1024K, 22 young (22528K), 1 survivors (1024K)
 Metaspace       used 10619K, committed 10880K, reserved 1064960K
  class space    used 1414K, committed 1536K, reserved 1048576K
}
Event: 3.682 GC heap after
{Heap after GC invocations=3 (full 0):
 garbage-first heap   total 131072K, used 9075K [0x0000000081000000, 0x0000000100000000)
  region size 1024K, 2 young (2048K), 2 survivors (2048K)
 Metaspace       used 10619K, committed 10880K, reserved 1064960K
  class space    used 1414K, committed 1536K, reserved 1048576K
}
Event: 6.658 GC heap before
{Heap before GC invocations=3 (full 0):
 garbage-first heap   total 131072K, used 83827K [0x0000000081000000, 0x0000000100000000)
  region size 1024K, 76 young (77824K), 2 survivors (2048K)
 Metaspace       used 20440K, committed 20736K, reserved 1073152K
  class space    used 2753K, committed 2880K, reserved 1048576K
}
Event: 6.675 GC heap after
{Heap after GC invocations=4 (full 0):
 garbage-first heap   total 131072K, used 13466K [0x0000000081000000, 0x0000000100000000)
  region size 1024K, 6 young (6144K), 6 survivors (6144K)
 Metaspace       used 20440K, committed 20736K, reserved 1073152K
  class space    used 2753K, committed 2880K, reserved 1048576K
}
Event: 6.827 GC heap before
{Heap before GC invocations=4 (full 0):
 garbage-first heap   total 131072K, used 17562K [0x0000000081000000, 0x0000000100000000)
  region size 1024K, 11 young (11264K), 6 survivors (6144K)
 Metaspace       used 21235K, committed 21504K, reserved 1073152K
  class space    used 2869K, committed 3008K, reserved 1048576K
}
Event: 6.838 GC heap after
{Heap after GC invocations=5 (full 0):
 garbage-first heap   total 131072K, used 14324K [0x0000000081000000, 0x0000000100000000)
  region size 1024K, 6 young (6144K), 6 survivors (6144K)
 Metaspace       used 21235K, committed 21504K, reserved 1073152K
  class space    used 2869K, committed 3008K, reserved 1048576K
}
Event: 7.797 GC heap before
{Heap before GC invocations=6 (full 0):
 garbage-first heap   total 58368K, used 42996K [0x0000000081000000, 0x0000000100000000)
  region size 1024K, 34 young (34816K), 6 survivors (6144K)
 Metaspace       used 24681K, committed 25024K, reserved 1073152K
  class space    used 3359K, committed 3520K, reserved 1048576K
}
Event: 7.810 GC heap after
{Heap after GC invocations=7 (full 0):
 garbage-first heap   total 58368K, used 16801K [0x0000000081000000, 0x0000000100000000)
  region size 1024K, 4 young (4096K), 4 survivors (4096K)
 Metaspace       used 24681K, committed 25024K, reserved 1073152K
  class space    used 3359K, committed 3520K, reserved 1048576K
}
Event: 7.826 GC heap before
{Heap before GC invocations=7 (full 0):
 garbage-first heap   total 58368K, used 17825K [0x0000000081000000, 0x0000000100000000)
  region size 1024K, 5 young (5120K), 4 survivors (4096K)
 Metaspace       used 24682K, committed 25024K, reserved 1073152K
  class space    used 3359K, committed 3520K, reserved 1048576K
}
Event: 7.833 GC heap after
{Heap after GC invocations=8 (full 0):
 garbage-first heap   total 58368K, used 17606K [0x0000000081000000, 0x0000000100000000)
  region size 1024K, 1 young (1024K), 1 survivors (1024K)
 Metaspace       used 24682K, committed 25024K, reserved 1073152K
  class space    used 3359K, committed 3520K, reserved 1048576K
}
Event: 8.565 GC heap before
{Heap before GC invocations=8 (full 0):
 garbage-first heap   total 58368K, used 41158K [0x0000000081000000, 0x0000000100000000)
  region size 1024K, 24 young (24576K), 1 survivors (1024K)
 Metaspace       used 30510K, committed 30848K, reserved 1081344K
  class space    used 4251K, committed 4416K, reserved 1048576K
}
Event: 8.570 GC heap after
{Heap after GC invocations=9 (full 0):
 garbage-first heap   total 58368K, used 18513K [0x0000000081000000, 0x0000000100000000)
  region size 1024K, 2 young (2048K), 2 survivors (2048K)
 Metaspace       used 30510K, committed 30848K, reserved 1081344K
  class space    used 4251K, committed 4416K, reserved 1048576K
}
Event: 9.590 GC heap before
{Heap before GC invocations=9 (full 0):
 garbage-first heap   total 58368K, used 36945K [0x0000000081000000, 0x0000000100000000)
  region size 1024K, 22 young (22528K), 2 survivors (2048K)
 Metaspace       used 35805K, committed 36160K, reserved 1081344K
  class space    used 4871K, committed 5056K, reserved 1048576K
}
Event: 9.595 GC heap after
{Heap after GC invocations=10 (full 0):
 garbage-first heap   total 58368K, used 20481K [0x0000000081000000, 0x0000000100000000)
  region size 1024K, 4 young (4096K), 4 survivors (4096K)
 Metaspace       used 35805K, committed 36160K, reserved 1081344K
  class space    used 4871K, committed 5056K, reserved 1048576K
}
Event: 11.049 GC heap before
{Heap before GC invocations=11 (full 0):
 garbage-first heap   total 58368K, used 43009K [0x0000000081000000, 0x0000000100000000)
  region size 1024K, 26 young (26624K), 4 survivors (4096K)
 Metaspace       used 40204K, committed 40576K, reserved 1089536K
  class space    used 5653K, committed 5824K, reserved 1048576K
}
Event: 11.057 GC heap after
{Heap after GC invocations=12 (full 0):
 garbage-first heap   total 58368K, used 21430K [0x0000000081000000, 0x0000000100000000)
  region size 1024K, 3 young (3072K), 3 survivors (3072K)
 Metaspace       used 40204K, committed 40576K, reserved 1089536K
  class space    used 5653K, committed 5824K, reserved 1048576K
}
Event: 11.090 GC heap before
{Heap before GC invocations=12 (full 0):
 garbage-first heap   total 58368K, used 22454K [0x0000000081000000, 0x0000000100000000)
  region size 1024K, 4 young (4096K), 3 survivors (3072K)
 Metaspace       used 40236K, committed 40640K, reserved 1089536K
  class space    used 5658K, committed 5824K, reserved 1048576K
}
Event: 11.098 GC heap after
{Heap after GC invocations=13 (full 0):
 garbage-first heap   total 58368K, used 21600K [0x0000000081000000, 0x0000000100000000)
  region size 1024K, 1 young (1024K), 1 survivors (1024K)
 Metaspace       used 40236K, committed 40640K, reserved 1089536K
  class space    used 5658K, committed 5824K, reserved 1048576K
}
Event: 11.796 GC heap before
{Heap before GC invocations=13 (full 0):
 garbage-first heap   total 58368K, used 44128K [0x0000000081000000, 0x0000000100000000)
  region size 1024K, 23 young (23552K), 1 survivors (1024K)
 Metaspace       used 44254K, committed 44672K, reserved 1089536K
  class space    used 6160K, committed 6336K, reserved 1048576K
}

